<?xml version="1.0" encoding="UTF-8"?>
<testsuite xmlns:xsi="http://www.w3.org/2001/XMLSchema-instance" xsi:noNamespaceSchemaLocation="https://maven.apache.org/surefire/maven-failsafe-plugin/xsd/failsafe-test-report.xsd" name="com.mediscreen.patient.IT.PatientControllerTestIT" time="1.214" tests="3" errors="0" skipped="0" failures="0">
  <properties>
[...]
</properties>
  <testcase name="deletePatient_ExistingPatient" classname="com.mediscreen.patient.IT.PatientControllerTestIT" time="0.396"/>
  <testcase name="addPatient_ValidatePatient" classname="com.mediscreen.patient.IT.PatientControllerTestIT" time="0.368"/>
  <testcase name="deletePatient_Non_ExistingPatient" classname="com.mediscreen.patient.IT.PatientControllerTestIT" time="0.11"/>
</testsuite>